e:\visual_studio\json_pg\project1\project1\x64\debug\vc141.pdb
e:\visual_studio\json_pg\project1\project1\x64\debug\vc141.idb
e:\visual_studio\json_pg\project1\project1\x64\debug\writer.obj
e:\visual_studio\json_pg\project1\project1\x64\debug\value.obj
e:\visual_studio\json_pg\project1\project1\x64\debug\reader.obj
e:\visual_studio\json_pg\project1\project1\x64\debug\generate.obj
e:\visual_studio\json_pg\project1\project1\x64\debug\print_document.obj
e:\visual_studio\json_pg\project1\x64\debug\project1.exe
e:\visual_studio\json_pg\project1\x64\debug\project1.ilk
e:\visual_studio\json_pg\project1\x64\debug\project1.pdb
e:\visual_studio\json_pg\project1\project1\x64\debug\generate.obj.enc
e:\visual_studio\json_pg\project1\project1\x64\debug\print_document.obj.enc
e:\visual_studio\json_pg\project1\project1\x64\debug\project1.tlog\cl.command.1.tlog
e:\visual_studio\json_pg\project1\project1\x64\debug\project1.tlog\cl.read.1.tlog
e:\visual_studio\json_pg\project1\project1\x64\debug\project1.tlog\cl.write.1.tlog
e:\visual_studio\json_pg\project1\project1\x64\debug\project1.tlog\link.7548-cvtres.read.1.tlog
e:\visual_studio\json_pg\project1\project1\x64\debug\project1.tlog\link.7548-cvtres.write.1.tlog
e:\visual_studio\json_pg\project1\project1\x64\debug\project1.tlog\link.7548-rc.read.1.tlog
e:\visual_studio\json_pg\project1\project1\x64\debug\project1.tlog\link.7548-rc.write.1.tlog
e:\visual_studio\json_pg\project1\project1\x64\debug\project1.tlog\link.7548.read.1.tlog
e:\visual_studio\json_pg\project1\project1\x64\debug\project1.tlog\link.7548.write.1.tlog
e:\visual_studio\json_pg\project1\project1\x64\debug\project1.tlog\link.command.1.tlog
e:\visual_studio\json_pg\project1\project1\x64\debug\project1.tlog\link.read.1.tlog
e:\visual_studio\json_pg\project1\project1\x64\debug\project1.tlog\link.write.1.tlog
