  print_document.cc
e:\visual_studio\json_pg\project1\project1\reader.h(213): warning C4101: “idx”: 未引用的局部变量
  e:\visual_studio\json_pg\project1\project1\reader.h(409): note: 参见对正在编译的函数 模板 实例化“void json::Reader::parseNumber<ReadStream,Handler>(ReadStream &,Handler &)”的引用
          with
          [
              ReadStream=json::StringReadStream,
              Handler=json::Document
          ]
  e:\visual_studio\json_pg\project1\project1\reader.h(29): note: 参见对正在编译的函数 模板 实例化“void json::Reader::parseValue<ReadStream,Handler>(ReadStream &,Handler &)”的引用
          with
          [
              ReadStream=json::StringReadStream,
              Handler=json::Document
          ]
  e:\visual_studio\json_pg\project1\project1\document.h(36): note: 参见对正在编译的函数 模板 实例化“json::ParseError json::Reader::parse<ReadStream,json::Document>(ReadStream &,Handler &)”的引用
          with
          [
              ReadStream=json::StringReadStream,
              Handler=json::Document
          ]
  e:\visual_studio\json_pg\project1\project1\document.h(30): note: 参见对正在编译的函数 模板 实例化“json::ParseError json::Document::parseStream<json::StringReadStream>(ReadStream &)”的引用
          with
          [
              ReadStream=json::StringReadStream
          ]
e:\visual_studio\json_pg\project1\project1\reader.h(249): warning C4101: “e”: 未引用的局部变量
  Reader.cc
e:\visual_studio\json_pg\project1\project1\reader.cc(9): warning C4068: 未知的杂注
e:\visual_studio\json_pg\project1\project1\reader.cc(10): warning C4068: 未知的杂注
e:\visual_studio\json_pg\project1\project1\reader.cc(65): warning C4068: 未知的杂注
  Value.cc
  Writer.cc
e:\visual_studio\json_pg\project1\project1\writer.cc(71): error C3861: “_BitScanReverse64”: 找不到标识符
e:\visual_studio\json_pg\project1\project1\writer.cc(78): warning C4068: 未知的杂注
e:\visual_studio\json_pg\project1\project1\writer.cc(79): warning C4068: 未知的杂注
e:\visual_studio\json_pg\project1\project1\writer.cc(115): warning C4068: 未知的杂注
  正在生成代码...
